<?xml version="1.0" encoding="UTF-8"?>
<testsuite xmlns:xsi="http://www.w3.org/2001/XMLSchema-instance" xsi:noNamespaceSchemaLocation="https://maven.apache.org/surefire/maven-surefire-plugin/xsd/surefire-test-report.xsd" version="3.0.2" name="org.example.taskmanager.TaskManagerApplicationTests" time="11.358" tests="1" errors="0" skipped="0" failures="0">
  <properties>
[...]
</properties>
  <testcase name="contextLoads" classname="org.example.taskmanager.TaskManagerApplicationTests" time="0.728">
    <system-out><![CDATA[16:33:09.601 [main] INFO org.springframework.test.context.support.AnnotationConfigContextLoaderUtils -- Could not detect default configuration classes for test class [org.example.taskmanager.TaskManagerApplicationTests]: TaskManagerApplicationTests does not declare any static, non-private, non-final, nested classes annotated with @Configuration.
16:33:09.830 [main] INFO org.springframework.boot.test.context.SpringBootTestContextBootstrapper -- Found @SpringBootConfiguration org.example.taskmanager.TaskManagerApplication for test class org.example.taskmanager.TaskManagerApplicationTests
16:33:10.198 [main] INFO org.springframework.boot.devtools.restart.RestartApplicationListener -- Restart disabled due to context in which it is running

  .   ____          _            __ _ _
 /\\ / ___'_ __ _ _(_)_ __  __ _ \ \ \ \
( ( )\___ | '_ | '_| | '_ \/ _` | \ \ \ \
 \\/  ___)| |_)| | | | | || (_| |  ) ) ) )
  '  |____| .__|_| |_|_| |_\__, | / / / /
 =========|_|==============|___/=/_/_/_/

 :: Spring Boot ::                (v3.4.0)

2024-11-28T16:33:10.897+02:00  INFO 3680 --- [Task Manager] [           main] o.e.t.TaskManagerApplicationTests        : Starting TaskManagerApplicationTests using Java 22.0.1 with PID 3680 (started by filip in C:\Users\filip\OneDrive\Desktop\New folder)
2024-11-28T16:33:10.899+02:00  INFO 3680 --- [Task Manager] [           main] o.e.t.TaskManagerApplicationTests        : No active profile set, falling back to 1 default profile: "default"
2024-11-28T16:33:12.841+02:00  INFO 3680 --- [Task Manager] [           main] .s.d.r.c.RepositoryConfigurationDelegate : Bootstrapping Spring Data JPA repositories in DEFAULT mode.
2024-11-28T16:33:12.970+02:00  INFO 3680 --- [Task Manager] [           main] .s.d.r.c.RepositoryConfigurationDelegate : Finished Spring Data repository scanning in 109 ms. Found 2 JPA repository interfaces.
2024-11-28T16:33:14.442+02:00  INFO 3680 --- [Task Manager] [           main] o.hibernate.jpa.internal.util.LogHelper  : HHH000204: Processing PersistenceUnitInfo [name: default]
2024-11-28T16:33:14.617+02:00  INFO 3680 --- [Task Manager] [           main] org.hibernate.Version                    : HHH000412: Hibernate ORM core version 6.6.2.Final
2024-11-28T16:33:14.689+02:00  INFO 3680 --- [Task Manager] [           main] o.h.c.internal.RegionFactoryInitiator    : HHH000026: Second-level cache disabled
2024-11-28T16:33:15.255+02:00  INFO 3680 --- [Task Manager] [           main] o.s.o.j.p.SpringPersistenceUnitInfo      : No LoadTimeWeaver setup: ignoring JPA class transformer
2024-11-28T16:33:15.310+02:00  INFO 3680 --- [Task Manager] [           main] com.zaxxer.hikari.HikariDataSource       : HikariPool-1 - Starting...
2024-11-28T16:33:15.571+02:00  INFO 3680 --- [Task Manager] [           main] com.zaxxer.hikari.pool.HikariPool        : HikariPool-1 - Added connection conn0: url=jdbc:h2:mem:test user=SA
2024-11-28T16:33:15.574+02:00  INFO 3680 --- [Task Manager] [           main] com.zaxxer.hikari.HikariDataSource       : HikariPool-1 - Start completed.
2024-11-28T16:33:15.653+02:00  INFO 3680 --- [Task Manager] [           main] org.hibernate.orm.connections.pooling    : HHH10001005: Database info:
	Database JDBC URL [Connecting through datasource 'HikariDataSource (HikariPool-1)']
	Database driver: undefined/unknown
	Database version: 2.3.232
	Autocommit mode: undefined/unknown
	Isolation level: undefined/unknown
	Minimum pool size: undefined/unknown
	Maximum pool size: undefined/unknown
2024-11-28T16:33:16.836+02:00  INFO 3680 --- [Task Manager] [           main] o.h.e.t.j.p.i.JtaPlatformInitiator       : HHH000489: No JTA platform available (set 'hibernate.transaction.jta.platform' to enable JTA platform integration)
Hibernate: drop table if exists employee cascade 
Hibernate: drop table if exists task_observers cascade 
Hibernate: drop table if exists tasks cascade 
Hibernate: create table employee (id bigint generated by default as identity, email varchar(255), name varchar(255), primary key (id))
Hibernate: create table task_observers (employee_id bigint not null, task_id bigint not null)
Hibernate: create table tasks (id bigint generated by default as identity, deadline varchar(255), description varchar(255), title varchar(255), priority enum ('HIGH','LOW','MEDIUM'), status enum ('COMPLETED','IN_PROGRESS','TO_DO'), primary key (id))
Hibernate: alter table if exists task_observers add constraint FKo7jn11w985yngcnsgq6los0e9 foreign key (employee_id) references employee
Hibernate: alter table if exists task_observers add constraint FKdp9b15enthllly59i7jfi184 foreign key (task_id) references tasks
2024-11-28T16:33:16.897+02:00  INFO 3680 --- [Task Manager] [           main] j.LocalContainerEntityManagerFactoryBean : Initialized JPA EntityManagerFactory for persistence unit 'default'
2024-11-28T16:33:17.873+02:00  WARN 3680 --- [Task Manager] [           main] JpaBaseConfiguration$JpaWebConfiguration : spring.jpa.open-in-view is enabled by default. Therefore, database queries may be performed during view rendering. Explicitly configure spring.jpa.open-in-view to disable this warning
2024-11-28T16:33:19.369+02:00  INFO 3680 --- [Task Manager] [           main] o.s.b.a.h2.H2ConsoleAutoConfiguration    : H2 console available at '/h2-console'. Database available at 'jdbc:h2:mem:test'
2024-11-28T16:33:19.489+02:00  INFO 3680 --- [Task Manager] [           main] o.s.b.a.e.web.EndpointLinksResolver      : Exposing 1 endpoint beneath base path '/actuator'
2024-11-28T16:33:19.630+02:00  INFO 3680 --- [Task Manager] [           main] o.e.t.TaskManagerApplicationTests        : Started TaskManagerApplicationTests in 9.461 seconds (process running for 11.594)
]]></system-out>
    <system-err><![CDATA[Mockito is currently self-attaching to enable the inline-mock-maker. This will no longer work in future releases of the JDK. Please add Mockito as an agent to your build what is described in Mockito's documentation: https://javadoc.io/doc/org.mockito/mockito-core/latest/org/mockito/Mockito.html#0.3
WARNING: A Java agent has been loaded dynamically (C:\Users\filip\.m2\repository\net\bytebuddy\byte-buddy-agent\1.15.10\byte-buddy-agent-1.15.10.jar)
WARNING: If a serviceability tool is in use, please run with -XX:+EnableDynamicAgentLoading to hide this warning
WARNING: If a serviceability tool is not in use, please run with -Djdk.instrument.traceUsage for more information
WARNING: Dynamic loading of agents will be disallowed by default in a future release
]]></system-err>
  </testcase>
</testsuite>